Added Component: Designator=U1(SOIC-8)
Add component (AddParameter): Name = "Case/Package"; Value = "D"; VariantName = "[No Variations]"
Add component (AddParameter): Name = "Category"; Value = "Voltage Regulators - Linear"; VariantName = "[No Variations]"
Add component (AddParameter): Name = "Check_prices"; Value = "https://www.snapeda.com/parts/TPS76633D/Texas%20Instruments/view-part/480898/?ref=eda"; VariantName = "[No Variations]"
Add component (AddParameter): Name = "Component"; Value = "16"; VariantName = "[No Variations]"
Add component (AddParameter): Name = "Manufacturer"; Value = "Texas Instruments"; VariantName = "[No Variations]"
Add component (AddParameter): Name = "Manufacturer Part Number"; Value = "TPS76633DG4"; VariantName = "[No Variations]"
Add component (AddParameter): Name = "Max Operating Temperature"; Value = "125°C"; VariantName = "[No Variations]"
Add component (AddParameter): Name = "Max Power Dissipation"; Value = "904mW"; VariantName = "[No Variations]"
Add component (AddParameter): Name = "Min Operating Temperature"; Value = "-40°C"; VariantName = "[No Variations]"
Add component (AddParameter): Name = "Number of Pins"; Value = "8"; VariantName = "[No Variations]"
Add component (AddParameter): Name = "Pricing 1"; Value = "1=1,59000, 10=1,35000, 100=1,04000, 250=0,91300, 500=0,86400, 1000=0,67200, 2500=0,63900, 5000=0,61500, 10000=0,59600 (USD)"; VariantName = "[No Variations]"
Add component (AddParameter): Name = "RoHS"; Value = "Yes"; VariantName = "[No Variations]"
Add component (AddParameter): Name = "SnapEDA_Link"; Value = "https://www.snapeda.com/parts/TPS76633D/Texas%20Instruments/view-part/480898/?ref=snap"; VariantName = "[No Variations]"
Add component (AddParameter): Name = "Stock 1"; Value = "525"; VariantName = "[No Variations]"
Add component (AddParameter): Name = "Supplier 1"; Value = "Mouser"; VariantName = "[No Variations]"
Add component (AddParameter): Name = "Supplier Part Number 1"; Value = "595-TPS76633DG4"; VariantName = "[No Variations]"
Add component (AddParameter): Name = "Value"; Value = ""; VariantName = "[No Variations]"
Added Component: Designator=U5(SOIC-8)
Add component (AddParameter): Name = "Availability"; Value = "Unavailable"; VariantName = "[No Variations]"
Add component (AddParameter): Name = "Case/Package"; Value = "SOIC"; VariantName = "[No Variations]"
Add component (AddParameter): Name = "Category"; Value = "RS-232 / RS-422 / RS-485 Interface ICs"; VariantName = "[No Variations]"
Add component (AddParameter): Name = "Component"; Value = "19"; VariantName = "[No Variations]"
Add component (AddParameter): Name = "Contact Plating"; Value = "Tin,Matte"; VariantName = "[No Variations]"
Add component (AddParameter): Name = "Manufacturer"; Value = "Analog Devices"; VariantName = "[No Variations]"
Add component (AddParameter): Name = "Manufacturer Part Number"; Value = "ADM3490ARZ"; VariantName = "[No Variations]"
Add component (AddParameter): Name = "Max Operating Temperature"; Value = "85°C"; VariantName = "[No Variations]"
Add component (AddParameter): Name = "MF"; Value = "Analog Devices"; VariantName = "[No Variations]"
Add component (AddParameter): Name = "Min Operating Temperature"; Value = "-40°C"; VariantName = "[No Variations]"
Add component (AddParameter): Name = "MP"; Value = "ADM3490ARZ"; VariantName = "[No Variations]"
Add component (AddParameter): Name = "Number of Pins"; Value = "8"; VariantName = "[No Variations]"
Add component (AddParameter): Name = "Package"; Value = "SOIC-8 Analog Devices"; VariantName = "[No Variations]"
Add component (AddParameter): Name = "Price"; Value = "None"; VariantName = "[No Variations]"
Add component (AddParameter): Name = "Pricing 1"; Value = "1=2,76000, 10=2,47500, 25=2,34000, 100=1,92400, 250=1,72640, 500=1,66400, 1000=1,50800 (USD)"; VariantName = "[No Variations]"
Add component (AddParameter): Name = "RoHS"; Value = "Yes"; VariantName = "[No Variations]"
Add component (AddParameter): Name = "SnapEDA_Link"; Value = "https://www.snapeda.com/parts/ADM3490ARZ/Analog%20Devices%20Inc./view-part/242544/?ref=snap"; VariantName = "[No Variations]"
Add component (AddParameter): Name = "Stock 1"; Value = "769"; VariantName = "[No Variations]"
Add component (AddParameter): Name = "Supplier 1"; Value = "Digi-Key"; VariantName = "[No Variations]"
Add component (AddParameter): Name = "Supplier Part Number 1"; Value = "ADM3490ARZ-ND"; VariantName = "[No Variations]"
Add component (AddParameter): Name = "Value"; Value = ""; VariantName = "[No Variations]"
Add component (AddParameter): Name = "Weight"; Value = "0.019048oz"; VariantName = "[No Variations]"
Added Pin To Net: NetName=NetR2_1 Pin=U1-2
Added Pin To Net: NetName=GND Pin=U1-3
Added Pin To Net: NetName=NetJ2_1 Pin=U1-4
Added Pin To Net: NetName=VCC Pin=U1-5
Added Pin To Net: NetName=VCC Pin=U1-6
Added Pin To Net: NetName=NetC1_1 Pin=U1-7
Added Pin To Net: NetName=NetC1_1 Pin=U1-8
Added Pin To Net: NetName=VCC Pin=U5-1
Added Pin To Net: NetName=NetU3_9 Pin=U5-2
Added Pin To Net: NetName=NetU3_10 Pin=U5-3
Added Pin To Net: NetName=GND Pin=U5-4
Added Pin To Net: NetName=NewNet12 Pin=U5-5
Added Pin To Net: NetName=NewNet13 Pin=U5-6
Added Pin To Net: NetName=NewNet11 Pin=U5-7
Added Pin To Net: NetName=NewNet10 Pin=U5-8
Added Member To Class: ClassName=Interface_2 SCH Member=Component U1 TPS76633D
Added Member To Class: ClassName=Interface_2 SCH Member=Component U5 ADM3490ARZ
Added Room: Name=Interface_2 SCH
